# Activity Log

## Run Summary
- 2026-04-22 09:06:16 | run=20260422-085058-72504 | iter=2 | mode=build | story=LLR-002 | duration=629s | status=success
- 2026-04-22 08:55:44 | run=20260422-085058-72504 | iter=1 | mode=build | story=LLR-001 | duration=286s | status=success

## Events

[2026-04-22 08:50:58] ITERATION 1 start (mode=build story=LLR-001)
[2026-04-22 08:51:41] Start LLR-001 local-first fork positioning
[2026-04-22 08:52:39] Implemented LLR-001 documentation updates
[2026-04-22 08:53:17] Verification passed for LLR-001 docs
[2026-04-22 08:54:40] Updated progress log for LLR-001
[2026-04-22 08:55:12] Updated run summary and progress file list for LLR-001
[2026-04-22 08:55:44] ITERATION 1 end (duration=286s)
[2026-04-22 08:55:47] ITERATION 2 start (mode=build story=LLR-002)
[2026-04-22 08:57:22] Start LLR-002 audit of existing local model capabilities
[2026-04-22 09:02:18] Implemented LLR-002 local model capabilities audit documentation
[2026-04-22 09:02:48] Verification passed for LLR-002 audit docs
[2026-04-22 09:05:01] Updated progress log for LLR-002
[2026-04-22 09:06:16] ITERATION 2 end (duration=629s)
[2026-04-22 09:06:18] ITERATION 3 start (mode=build story=LLR-003)
[2026-04-22 09:07:00] Start LLR-003 local runtime registry types
[2026-04-22 09:10:33] Implemented LLR-003 local runtime registry primitives and tests
[2026-04-22 09:12:44] Verification passed for LLR-003 runtime registry
